C51 COMPILER V9.52.0.0   MAIN                                                              05/02/2018 11:15:59 PAGE 1   


C51 COMPILER V9.52.0.0, COMPILATION OF MODULE MAIN
OBJECT MODULE PLACED IN main.OBJ
COMPILER INVOKED BY: C:\Keil\C51\BIN\C51.EXE main.c BROWSE DEBUG OBJECTEXTEND TABS(2)

line level    source

   1          #include <c8051f020.h>
   2          #include "Config_Global.h"
   3          #include "Config_GPIO.h"
   4          #include "Config_SPI.h"
   5          
   6          
   7          void main()
   8          {
   9   1        EA=0;
  10   1        
  11   1        Init_Device(); //on initialise les ports, le Sysclock et le reset
  12   1        Gestion_GPIO();
  13   1        //Init_PCA(); //on initialise le PCA
  14   1        Config_SPI();
  15   1        
  16   1        EA=1; 
  17   1        while(1){
  18   2          
  19   2          test();
  20   2      }
  21   1      
  22   1      }


MODULE INFORMATION:   STATIC OVERLAYABLE
   CODE SIZE        =     18    ----
   CONSTANT SIZE    =   ----    ----
   XDATA SIZE       =   ----    ----
   PDATA SIZE       =   ----    ----
   DATA SIZE        =   ----    ----
   IDATA SIZE       =   ----    ----
   BIT SIZE         =   ----    ----
END OF MODULE INFORMATION.


C51 COMPILATION COMPLETE.  0 WARNING(S),  0 ERROR(S)
